2009-02-25 22:40:49 Configure: Looking for  :i18n.php
2009-02-25 22:40:49 Configure: DIRECT CHECK :/home/andy/dev/cakes/cake/cake/libs/i18n.php
2009-02-25 22:40:49 Configure: Looking for  :l10n.php
2009-02-25 22:40:49 Configure: DIRECT CHECK :/home/andy/dev/cakes/cake/cake/libs/l10n.php
2009-02-25 22:40:49 Configure: DIRECT FIND  :/home/andy/dev/cakes/cake/cake/libs/l10n.php
2009-02-25 22:40:49 Configure: DIRECT FIND  :/home/andy/dev/cakes/cake/cake/libs/i18n.php
2009-02-25 22:40:49 Configure: Looking for  :i18n.php
2009-02-25 22:40:49 Configure: DIRECT CHECK :/home/andy/dev/cakes/cake/cake/libs/i18n.php
2009-02-25 22:40:49 Configure: DIRECT FIND  :/home/andy/dev/cakes/cake/cake/libs/i18n.php
2009-02-25 22:40:49 Configure: Looking for  :mi.php
2009-02-25 22:40:49 Configure: Checking    :/home/andy/dev/cakes/cake/cake/libs/mi.php
2009-02-25 22:40:49 Configure: Checking    :/home/andy/dev/cakes/cake/cake/libs/model/mi.php
2009-02-25 22:40:49 Configure: Checking    :/home/andy/dev/cakes/cake/cake/libs/model/behaviors/mi.php
2009-02-25 22:40:49 Configure: Checking    :/home/andy/dev/cakes/cake/cake/libs/model/datasources/mi.php
2009-02-25 22:40:49 Configure: Checking    :/home/andy/dev/cakes/cake/cake/libs/model/datasources/dbo/mi.php
2009-02-25 22:40:49 Configure: Checking    :/home/andy/dev/cakes/cake/cake/libs/view/mi.php
2009-02-25 22:40:49 Configure: Checking    :/home/andy/dev/cakes/cake/cake/libs/view/helpers/mi.php
2009-02-25 22:40:49 Configure: Checking    :/home/andy/dev/cakes/cake/cake/libs/view/pages/mi.php
2009-02-25 22:40:49 Configure: Checking    :/home/andy/dev/cakes/cake/cake/libs/view/scaffolds/mi.php
2009-02-25 22:40:49 Configure: Checking    :/home/andy/dev/cakes/cake/cake/libs/view/elements/mi.php
2009-02-25 22:40:49 Configure: Checking    :/home/andy/dev/cakes/cake/cake/libs/view/elements/email/mi.php
2009-02-25 22:40:49 Configure: Checking    :/home/andy/dev/cakes/cake/cake/libs/view/elements/email/html/mi.php
2009-02-25 22:40:49 Configure: Checking    :/home/andy/dev/cakes/cake/cake/libs/view/elements/email/text/mi.php
2009-02-25 22:40:49 Configure: Checking    :/home/andy/dev/cakes/cake/cake/libs/view/errors/mi.php
2009-02-25 22:40:49 Configure: Checking    :/home/andy/dev/cakes/cake/cake/libs/view/layouts/mi.php
2009-02-25 22:40:49 Configure: Checking    :/home/andy/dev/cakes/cake/cake/libs/view/layouts/xml/mi.php
2009-02-25 22:40:49 Configure: Checking    :/home/andy/dev/cakes/cake/cake/libs/view/layouts/email/mi.php
2009-02-25 22:40:49 Configure: Checking    :/home/andy/dev/cakes/cake/cake/libs/view/layouts/email/html/mi.php
2009-02-25 22:40:49 Configure: Checking    :/home/andy/dev/cakes/cake/cake/libs/view/layouts/email/text/mi.php
2009-02-25 22:40:49 Configure: Checking    :/home/andy/dev/cakes/cake/cake/libs/view/layouts/rss/mi.php
2009-02-25 22:40:49 Configure: Checking    :/home/andy/dev/cakes/cake/cake/libs/view/layouts/js/mi.php
2009-02-25 22:40:49 Configure: Checking    :/home/andy/dev/cakes/cake/cake/libs/controller/mi.php
2009-02-25 22:40:49 Configure: Checking    :/home/andy/dev/cakes/cake/cake/libs/controller/components/mi.php
2009-02-25 22:40:49 Configure: Checking    :/home/andy/dev/cakes/cake/cake/libs/cache/mi.php
2009-02-25 22:40:49 Configure: Checking    :/home/andy/dev/cakes/cake/cake/libs/model/mi.php
2009-02-25 22:40:49 Configure: Checking    :/home/andy/dev/cakes/cake/cake/libs/model/behaviors/mi.php
2009-02-25 22:40:49 Configure: Checking    :/home/andy/dev/cakes/cake/cake/libs/model/datasources/mi.php
2009-02-25 22:40:49 Configure: Checking    :/home/andy/dev/cakes/cake/cake/libs/model/datasources/dbo/mi.php
2009-02-25 22:40:49 Configure: Checking    :/home/andy/dev/cakes/cake/cake/libs/model/behaviors/mi.php
2009-02-25 22:40:49 Configure: Checking    :/home/andy/dev/cakes/cake/cake/libs/controller/mi.php
2009-02-25 22:40:49 Configure: Checking    :/home/andy/dev/cakes/cake/cake/libs/controller/components/mi.php
2009-02-25 22:40:49 Configure: Checking    :/home/andy/dev/cakes/cake/cake/libs/controller/components/mi.php
2009-02-25 22:40:49 Configure: Checking    :/home/andy/dev/cakes/cake/cake/libs/view/mi.php
2009-02-25 22:40:49 Configure: Checking    :/home/andy/dev/cakes/cake/cake/libs/view/helpers/mi.php
2009-02-25 22:40:49 Configure: Checking    :/home/andy/dev/cakes/cake/cake/libs/view/pages/mi.php
2009-02-25 22:40:49 Configure: Checking    :/home/andy/dev/cakes/cake/cake/libs/view/scaffolds/mi.php
2009-02-25 22:40:49 Configure: Checking    :/home/andy/dev/cakes/cake/cake/libs/view/elements/mi.php
2009-02-25 22:40:49 Configure: Checking    :/home/andy/dev/cakes/cake/cake/libs/view/elements/email/mi.php
2009-02-25 22:40:49 Configure: Checking    :/home/andy/dev/cakes/cake/cake/libs/view/elements/email/html/mi.php
2009-02-25 22:40:49 Configure: Checking    :/home/andy/dev/cakes/cake/cake/libs/view/elements/email/text/mi.php
2009-02-25 22:40:49 Configure: Checking    :/home/andy/dev/cakes/cake/cake/libs/view/errors/mi.php
2009-02-25 22:40:49 Configure: Checking    :/home/andy/dev/cakes/cake/cake/libs/view/layouts/mi.php
2009-02-25 22:40:49 Configure: Checking    :/home/andy/dev/cakes/cake/cake/libs/view/layouts/xml/mi.php
2009-02-25 22:40:49 Configure: Checking    :/home/andy/dev/cakes/cake/cake/libs/view/layouts/email/mi.php
2009-02-25 22:40:49 Configure: Checking    :/home/andy/dev/cakes/cake/cake/libs/view/layouts/email/html/mi.php
2009-02-25 22:40:49 Configure: Checking    :/home/andy/dev/cakes/cake/cake/libs/view/layouts/email/text/mi.php
2009-02-25 22:40:49 Configure: Checking    :/home/andy/dev/cakes/cake/cake/libs/view/layouts/rss/mi.php
2009-02-25 22:40:49 Configure: Checking    :/home/andy/dev/cakes/cake/cake/libs/view/layouts/js/mi.php
2009-02-25 22:40:49 Configure: Checking    :/home/andy/dev/cakes/cake/cake/libs/view/helpers/mi.php
2009-02-25 22:40:50 Configure: Checking    :/home/andy/dev/cakes/cake/cake/mi.php
2009-02-25 22:40:50 Configure: Checking    :/home/andy/dev/cakes/cake/cake/config/mi.php
2009-02-25 22:40:50 Configure: Checking    :/home/andy/dev/cakes/cake/cake/config/unicode/mi.php
2009-02-25 22:40:50 Configure: Checking    :/home/andy/dev/cakes/cake/cake/config/unicode/casefolding/mi.php
2009-02-25 22:40:50 Configure: Checking    :/home/andy/dev/cakes/cake/cake/tests/mi.php
2009-02-25 22:40:50 Configure: Checking    :/home/andy/dev/cakes/cake/cake/tests/cases/mi.php
2009-02-25 22:40:50 Configure: Checking    :/home/andy/dev/cakes/cake/cake/tests/cases/console/mi.php
2009-02-25 22:40:50 Configure: Checking    :/home/andy/dev/cakes/cake/cake/tests/cases/console/libs/mi.php
2009-02-25 22:40:50 Configure: Checking    :/home/andy/dev/cakes/cake/cake/tests/cases/libs/mi.php
2009-02-25 22:40:50 Configure: Checking    :/home/andy/dev/cakes/cake/cake/tests/cases/libs/model/mi.php
2009-02-25 22:40:50 Configure: Checking    :/home/andy/dev/cakes/cake/cake/tests/cases/libs/model/behaviors/mi.php
2009-02-25 22:40:50 Configure: Checking    :/home/andy/dev/cakes/cake/cake/tests/cases/libs/model/datasources/mi.php
2009-02-25 22:40:50 Configure: Checking    :/home/andy/dev/cakes/cake/cake/tests/cases/libs/model/datasources/dbo/mi.php
2009-02-25 22:40:50 Configure: Checking    :/home/andy/dev/cakes/cake/cake/tests/cases/libs/view/mi.php
2009-02-25 22:40:50 Configure: Checking    :/home/andy/dev/cakes/cake/cake/tests/cases/libs/view/helpers/mi.php
2009-02-25 22:40:50 Configure: Checking    :/home/andy/dev/cakes/cake/cake/tests/cases/libs/controller/mi.php
2009-02-25 22:40:50 Configure: Checking    :/home/andy/dev/cakes/cake/cake/tests/cases/libs/controller/components/mi.php
2009-02-25 22:40:50 Configure: Checking    :/home/andy/dev/cakes/cake/cake/tests/cases/libs/cache/mi.php
2009-02-25 22:40:50 Configure: Checking    :/home/andy/dev/cakes/cake/cake/tests/fixtures/mi.php
2009-02-25 22:40:50 Configure: Checking    :/home/andy/dev/cakes/cake/cake/tests/test_app/mi.php
2009-02-25 22:40:50 Configure: Checking    :/home/andy/dev/cakes/cake/cake/tests/test_app/plugins/mi.php
2009-02-25 22:40:50 Configure: Checking    :/home/andy/dev/cakes/cake/cake/tests/test_app/plugins/test_plugin/mi.php
2009-02-25 22:40:50 Configure: Checking    :/home/andy/dev/cakes/cake/cake/tests/test_app/plugins/test_plugin/locale/mi.php
2009-02-25 22:40:50 Configure: Checking    :/home/andy/dev/cakes/cake/cake/tests/test_app/plugins/test_plugin/locale/po/mi.php
2009-02-25 22:40:50 Configure: Checking    :/home/andy/dev/cakes/cake/cake/tests/test_app/plugins/test_plugin/locale/po/LC_MESSAGES/mi.php
2009-02-25 22:40:50 Configure: Checking    :/home/andy/dev/cakes/cake/cake/tests/test_app/plugins/test_plugin/models/mi.php
2009-02-25 22:40:50 Configure: Checking    :/home/andy/dev/cakes/cake/cake/tests/test_app/plugins/test_plugin/views/mi.php
2009-02-25 22:40:50 Configure: Checking    :/home/andy/dev/cakes/cake/cake/tests/test_app/plugins/test_plugin/views/helpers/mi.php
2009-02-25 22:40:50 Configure: Checking    :/home/andy/dev/cakes/cake/cake/tests/test_app/plugins/test_plugin/views/tests/mi.php
2009-02-25 22:40:50 Configure: Checking    :/home/andy/dev/cakes/cake/cake/tests/test_app/plugins/test_plugin/views/themed/mi.php
2009-02-25 22:40:50 Configure: Checking    :/home/andy/dev/cakes/cake/cake/tests/test_app/plugins/test_plugin/views/themed/test_plugin_theme/mi.php
2009-02-25 22:40:50 Configure: Checking    :/home/andy/dev/cakes/cake/cake/tests/test_app/plugins/test_plugin/views/themed/test_plugin_theme/tests/mi.php
2009-02-25 22:40:50 Configure: Checking    :/home/andy/dev/cakes/cake/cake/tests/test_app/plugins/test_plugin/views/themed/test_plugin_theme/layouts/mi.php
2009-02-25 22:40:50 Configure: Checking    :/home/andy/dev/cakes/cake/cake/tests/test_app/plugins/test_plugin/views/layouts/mi.php
2009-02-25 22:40:50 Configure: Checking    :/home/andy/dev/cakes/cake/cake/tests/test_app/plugins/test_plugin/controllers/mi.php
2009-02-25 22:40:50 Configure: Checking    :/home/andy/dev/cakes/cake/cake/tests/test_app/plugins/test_plugin/controllers/components/mi.php
2009-02-25 22:40:50 Configure: Checking    :/home/andy/dev/cakes/cake/cake/tests/test_app/plugins/test_plugin/vendors/mi.php
2009-02-25 22:40:50 Configure: Checking    :/home/andy/dev/cakes/cake/cake/tests/test_app/plugins/test_plugin/vendors/css/mi.php
2009-02-25 22:40:50 Configure: Checking    :/home/andy/dev/cakes/cake/cake/tests/test_app/plugins/test_plugin/vendors/sample/mi.php
2009-02-25 22:40:50 Configure: Checking    :/home/andy/dev/cakes/cake/cake/tests/test_app/plugins/test_plugin/vendors/img/mi.php
2009-02-25 22:40:50 Configure: Checking    :/home/andy/dev/cakes/cake/cake/tests/test_app/plugins/test_plugin/vendors/shells/mi.php
2009-02-25 22:40:50 Configure: Checking    :/home/andy/dev/cakes/cake/cake/tests/test_app/plugins/test_plugin/vendors/shells/tasks/mi.php
2009-02-25 22:40:50 Configure: Checking    :/home/andy/dev/cakes/cake/cake/tests/test_app/plugins/test_plugin/vendors/shells/templates/mi.php
2009-02-25 22:40:50 Configure: Checking    :/home/andy/dev/cakes/cake/cake/tests/test_app/plugins/test_plugin_two/mi.php
2009-02-25 22:40:50 Configure: Checking    :/home/andy/dev/cakes/cake/cake/tests/test_app/plugins/test_plugin_two/vendors/mi.php
2009-02-25 22:40:50 Configure: Checking    :/home/andy/dev/cakes/cake/cake/tests/test_app/plugins/test_plugin_two/vendors/shells/mi.php
2009-02-25 22:40:50 Configure: Checking    :/home/andy/dev/cakes/cake/cake/tests/test_app/plugins/test_plugin_two/vendors/shells/tasks/mi.php
2009-02-25 22:40:50 Configure: Checking    :/home/andy/dev/cakes/cake/cake/tests/test_app/plugins/test_plugin_two/vendors/shells/templates/mi.php
2009-02-25 22:40:50 Configure: Checking    :/home/andy/dev/cakes/cake/cake/tests/test_app/config/mi.php
2009-02-25 22:40:50 Configure: Checking    :/home/andy/dev/cakes/cake/cake/tests/test_app/locale/mi.php
2009-02-25 22:40:50 Configure: Checking    :/home/andy/dev/cakes/cake/cake/tests/test_app/locale/rule_6_po/mi.php
2009-02-25 22:40:50 Configure: Checking    :/home/andy/dev/cakes/cake/cake/tests/test_app/locale/rule_6_po/LC_MESSAGES/mi.php
2009-02-25 22:40:50 Configure: Checking    :/home/andy/dev/cakes/cake/cake/tests/test_app/locale/rule_10_po/mi.php
2009-02-25 22:40:50 Configure: Checking    :/home/andy/dev/cakes/cake/cake/tests/test_app/locale/rule_10_po/LC_MESSAGES/mi.php
2009-02-25 22:40:50 Configure: Checking    :/home/andy/dev/cakes/cake/cake/tests/test_app/locale/rule_0_po/mi.php
2009-02-25 22:40:50 Configure: Checking    :/home/andy/dev/cakes/cake/cake/tests/test_app/locale/rule_0_po/LC_MESSAGES/mi.php
2009-02-25 22:40:50 Configure: Checking    :/home/andy/dev/cakes/cake/cake/tests/test_app/locale/rule_10_mo/mi.php
2009-02-25 22:40:50 Configure: Checking    :/home/andy/dev/cakes/cake/cake/tests/test_app/locale/rule_10_mo/LC_MESSAGES/mi.php
2009-02-25 22:40:50 Configure: Checking    :/home/andy/dev/cakes/cake/cake/tests/test_app/locale/rule_1_mo/mi.php
2009-02-25 22:40:50 Configure: Checking    :/home/andy/dev/cakes/cake/cake/tests/test_app/locale/rule_1_mo/LC_MESSAGES/mi.php
2009-02-25 22:40:50 Configure: Checking    :/home/andy/dev/cakes/cake/cake/tests/test_app/locale/rule_11_po/mi.php
2009-02-25 22:40:50 Configure: Checking    :/home/andy/dev/cakes/cake/cake/tests/test_app/locale/rule_11_po/LC_MESSAGES/mi.php
2009-02-25 22:40:50 Configure: Checking    :/home/andy/dev/cakes/cake/cake/tests/test_app/locale/rule_14_po/mi.php
2009-02-25 22:40:50 Configure: Checking    :/home/andy/dev/cakes/cake/cake/tests/test_app/locale/rule_14_po/LC_MESSAGES/mi.php
2009-02-25 22:40:50 Configure: Checking    :/home/andy/dev/cakes/cake/cake/tests/test_app/locale/rule_4_mo/mi.php
2009-02-25 22:40:50 Configure: Checking    :/home/andy/dev/cakes/cake/cake/tests/test_app/locale/rule_4_mo/LC_MESSAGES/mi.php
2009-02-25 22:40:50 Configure: Checking    :/home/andy/dev/cakes/cake/cake/tests/test_app/locale/rule_7_po/mi.php
2009-02-25 22:40:50 Configure: Checking    :/home/andy/dev/cakes/cake/cake/tests/test_app/locale/rule_7_po/LC_MESSAGES/mi.php
2009-02-25 22:40:50 Configure: Checking    :/home/andy/dev/cakes/cake/cake/tests/test_app/locale/rule_13_po/mi.php
2009-02-25 22:40:50 Configure: Checking    :/home/andy/dev/cakes/cake/cake/tests/test_app/locale/rule_13_po/LC_MESSAGES/mi.php
2009-02-25 22:40:50 Configure: Checking    :/home/andy/dev/cakes/cake/cake/tests/test_app/locale/rule_6_mo/mi.php
2009-02-25 22:40:50 Configure: Checking    :/home/andy/dev/cakes/cake/cake/tests/test_app/locale/rule_6_mo/LC_MESSAGES/mi.php
2009-02-25 22:40:50 Configure: Checking    :/home/andy/dev/cakes/cake/cake/tests/test_app/locale/rule_5_mo/mi.php
2009-02-25 22:40:50 Configure: Checking    :/home/andy/dev/cakes/cake/cake/tests/test_app/locale/rule_5_mo/LC_MESSAGES/mi.php
2009-02-25 22:40:50 Configure: Checking    :/home/andy/dev/cakes/cake/cake/tests/test_app/locale/rule_9_mo/mi.php
2009-02-25 22:40:50 Configure: Checking    :/home/andy/dev/cakes/cake/cake/tests/test_app/locale/rule_9_mo/LC_MESSAGES/mi.php
2009-02-25 22:40:50 Configure: Checking    :/home/andy/dev/cakes/cake/cake/tests/test_app/locale/rule_2_mo/mi.php
2009-02-25 22:40:50 Configure: Checking    :/home/andy/dev/cakes/cake/cake/tests/test_app/locale/rule_2_mo/LC_MESSAGES/mi.php
2009-02-25 22:40:50 Configure: Checking    :/home/andy/dev/cakes/cake/cake/tests/test_app/locale/rule_12_po/mi.php
2009-02-25 22:40:50 Configure: Checking    :/home/andy/dev/cakes/cake/cake/tests/test_app/locale/rule_12_po/LC_MESSAGES/mi.php
2009-02-25 22:40:50 Configure: Checking    :/home/andy/dev/cakes/cake/cake/tests/test_app/locale/rule_1_po/mi.php
2009-02-25 22:40:50 Configure: Checking    :/home/andy/dev/cakes/cake/cake/tests/test_app/locale/rule_1_po/LC_MESSAGES/mi.php
2009-02-25 22:40:50 Configure: Checking    :/home/andy/dev/cakes/cake/cake/tests/test_app/locale/rule_7_mo/mi.php
2009-02-25 22:40:50 Configure: Checking    :/home/andy/dev/cakes/cake/cake/tests/test_app/locale/rule_7_mo/LC_MESSAGES/mi.php
2009-02-25 22:40:50 Configure: Checking    :/home/andy/dev/cakes/cake/cake/tests/test_app/locale/rule_2_po/mi.php
2009-02-25 22:40:50 Configure: Checking    :/home/andy/dev/cakes/cake/cake/tests/test_app/locale/rule_2_po/LC_MESSAGES/mi.php
2009-02-25 22:40:50 Configure: Checking    :/home/andy/dev/cakes/cake/cake/tests/test_app/locale/rule_12_mo/mi.php
2009-02-25 22:40:50 Configure: Checking    :/home/andy/dev/cakes/cake/cake/tests/test_app/locale/rule_12_mo/LC_MESSAGES/mi.php
2009-02-25 22:40:50 Configure: Checking    :/home/andy/dev/cakes/cake/cake/tests/test_app/locale/rule_5_po/mi.php
2009-02-25 22:40:50 Configure: Checking    :/home/andy/dev/cakes/cake/cake/tests/test_app/locale/rule_5_po/LC_MESSAGES/mi.php
2009-02-25 22:40:50 Configure: Checking    :/home/andy/dev/cakes/cake/cake/tests/test_app/locale/rule_8_po/mi.php
2009-02-25 22:40:50 Configure: Checking    :/home/andy/dev/cakes/cake/cake/tests/test_app/locale/rule_8_po/LC_MESSAGES/mi.php
2009-02-25 22:40:50 Configure: Checking    :/home/andy/dev/cakes/cake/cake/tests/test_app/locale/rule_9_po/mi.php
2009-02-25 22:40:50 Configure: Checking    :/home/andy/dev/cakes/cake/cake/tests/test_app/locale/rule_9_po/LC_MESSAGES/mi.php
2009-02-25 22:40:50 Configure: Checking    :/home/andy/dev/cakes/cake/cake/tests/test_app/locale/rule_3_po/mi.php
2009-02-25 22:40:50 Configure: Checking    :/home/andy/dev/cakes/cake/cake/tests/test_app/locale/rule_3_po/LC_MESSAGES/mi.php
2009-02-25 22:40:50 Configure: Checking    :/home/andy/dev/cakes/cake/cake/tests/test_app/locale/rule_4_po/mi.php
2009-02-25 22:40:50 Configure: Checking    :/home/andy/dev/cakes/cake/cake/tests/test_app/locale/rule_4_po/LC_MESSAGES/mi.php
2009-02-25 22:40:50 Configure: Checking    :/home/andy/dev/cakes/cake/cake/tests/test_app/locale/rule_8_mo/mi.php
2009-02-25 22:40:50 Configure: Checking    :/home/andy/dev/cakes/cake/cake/tests/test_app/locale/rule_8_mo/LC_MESSAGES/mi.php
2009-02-25 22:40:50 Configure: Checking    :/home/andy/dev/cakes/cake/cake/tests/test_app/locale/rule_13_mo/mi.php
2009-02-25 22:40:50 Configure: Checking    :/home/andy/dev/cakes/cake/cake/tests/test_app/locale/rule_13_mo/LC_MESSAGES/mi.php
2009-02-25 22:40:50 Configure: Checking    :/home/andy/dev/cakes/cake/cake/tests/test_app/locale/rule_11_mo/mi.php
2009-02-25 22:40:50 Configure: Checking    :/home/andy/dev/cakes/cake/cake/tests/test_app/locale/rule_11_mo/LC_MESSAGES/mi.php
2009-02-25 22:40:50 Configure: Checking    :/home/andy/dev/cakes/cake/cake/tests/test_app/locale/rule_0_mo/mi.php
2009-02-25 22:40:50 Configure: Checking    :/home/andy/dev/cakes/cake/cake/tests/test_app/locale/rule_0_mo/LC_MESSAGES/mi.php
2009-02-25 22:40:50 Configure: Checking    :/home/andy/dev/cakes/cake/cake/tests/test_app/locale/po/mi.php
2009-02-25 22:40:50 Configure: Checking    :/home/andy/dev/cakes/cake/cake/tests/test_app/locale/po/LC_MESSAGES/mi.php
2009-02-25 22:40:50 Configure: Checking    :/home/andy/dev/cakes/cake/cake/tests/test_app/locale/rule_14_mo/mi.php
2009-02-25 22:40:50 Configure: Checking    :/home/andy/dev/cakes/cake/cake/tests/test_app/locale/rule_14_mo/LC_MESSAGES/mi.php
2009-02-25 22:40:50 Configure: Checking    :/home/andy/dev/cakes/cake/cake/tests/test_app/locale/rule_3_mo/mi.php
2009-02-25 22:40:50 Configure: Checking    :/home/andy/dev/cakes/cake/cake/tests/test_app/locale/rule_3_mo/LC_MESSAGES/mi.php
2009-02-25 22:40:50 Configure: Checking    :/home/andy/dev/cakes/cake/cake/tests/test_app/models/mi.php
2009-02-25 22:40:50 Configure: Checking    :/home/andy/dev/cakes/cake/cake/tests/test_app/models/behaviors/mi.php
2009-02-25 22:40:50 Configure: Checking    :/home/andy/dev/cakes/cake/cake/tests/test_app/models/datasources/mi.php
2009-02-25 22:40:50 Configure: Checking    :/home/andy/dev/cakes/cake/cake/tests/test_app/views/mi.php
2009-02-25 22:40:50 Configure: Checking    :/home/andy/dev/cakes/cake/cake/tests/test_app/views/tests_apps/mi.php
2009-02-25 22:40:50 Configure: Checking    :/home/andy/dev/cakes/cake/cake/tests/test_app/views/helpers/mi.php
2009-02-25 22:40:50 Configure: Checking    :/home/andy/dev/cakes/cake/cake/tests/test_app/views/pages/mi.php
2009-02-25 22:40:50 Configure: Checking    :/home/andy/dev/cakes/cake/cake/tests/test_app/views/scaffolds/mi.php
2009-02-25 22:40:50 Configure: Checking    :/home/andy/dev/cakes/cake/cake/tests/test_app/views/themed/mi.php
2009-02-25 22:40:50 Configure: Checking    :/home/andy/dev/cakes/cake/cake/tests/test_app/views/themed/test_theme/mi.php
2009-02-25 22:40:50 Configure: Checking    :/home/andy/dev/cakes/cake/cake/tests/test_app/views/themed/test_theme/posts/mi.php
2009-02-25 22:40:50 Configure: Checking    :/home/andy/dev/cakes/cake/cake/tests/test_app/views/themed/test_theme/layouts/mi.php
2009-02-25 22:40:50 Configure: Checking    :/home/andy/dev/cakes/cake/cake/tests/test_app/views/elements/mi.php
2009-02-25 22:40:50 Configure: Checking    :/home/andy/dev/cakes/cake/cake/tests/test_app/views/elements/email/mi.php
2009-02-25 22:40:50 Configure: Checking    :/home/andy/dev/cakes/cake/cake/tests/test_app/views/elements/email/html/mi.php
2009-02-25 22:40:50 Configure: Checking    :/home/andy/dev/cakes/cake/cake/tests/test_app/views/elements/email/text/mi.php
2009-02-25 22:40:50 Configure: Checking    :/home/andy/dev/cakes/cake/cake/tests/test_app/views/elements/nocache/mi.php
2009-02-25 22:40:50 Configure: Checking    :/home/andy/dev/cakes/cake/cake/tests/test_app/views/errors/mi.php
2009-02-25 22:40:50 Configure: Checking    :/home/andy/dev/cakes/cake/cake/tests/test_app/views/posts/mi.php
2009-02-25 22:40:50 Configure: Checking    :/home/andy/dev/cakes/cake/cake/tests/test_app/views/layouts/mi.php
2009-02-25 22:40:50 Configure: Checking    :/home/andy/dev/cakes/cake/cake/tests/test_app/views/layouts/xml/mi.php
2009-02-25 22:40:50 Configure: Checking    :/home/andy/dev/cakes/cake/cake/tests/test_app/views/layouts/email/mi.php
2009-02-25 22:40:50 Configure: Checking    :/home/andy/dev/cakes/cake/cake/tests/test_app/views/layouts/email/html/mi.php
2009-02-25 22:40:50 Configure: Checking    :/home/andy/dev/cakes/cake/cake/tests/test_app/views/layouts/email/text/mi.php
2009-02-25 22:40:50 Configure: Checking    :/home/andy/dev/cakes/cake/cake/tests/test_app/views/layouts/rss/mi.php
2009-02-25 22:40:50 Configure: Checking    :/home/andy/dev/cakes/cake/cake/tests/test_app/views/layouts/js/mi.php
2009-02-25 22:40:50 Configure: Checking    :/home/andy/dev/cakes/cake/cake/tests/test_app/controllers/mi.php
2009-02-25 22:40:50 Configure: Checking    :/home/andy/dev/cakes/cake/cake/tests/test_app/controllers/components/mi.php
2009-02-25 22:40:50 Configure: Checking    :/home/andy/dev/cakes/cake/cake/tests/test_app/tmp/mi.php
2009-02-25 22:40:50 Configure: Checking    :/home/andy/dev/cakes/cake/cake/tests/test_app/vendors/mi.php
2009-02-25 22:40:50 Configure: Checking    :/home/andy/dev/cakes/cake/cake/tests/test_app/vendors/Test/mi.php
2009-02-25 22:40:50 Configure: Checking    :/home/andy/dev/cakes/cake/cake/tests/test_app/vendors/css/mi.php
2009-02-25 22:40:50 Configure: Checking    :/home/andy/dev/cakes/cake/cake/tests/test_app/vendors/sample/mi.php
2009-02-25 22:40:50 Configure: Checking    :/home/andy/dev/cakes/cake/cake/tests/test_app/vendors/img/mi.php
2009-02-25 22:40:50 Configure: Checking    :/home/andy/dev/cakes/cake/cake/tests/test_app/vendors/somename/mi.php
2009-02-25 22:40:50 Configure: Checking    :/home/andy/dev/cakes/cake/cake/tests/test_app/vendors/shells/mi.php
2009-02-25 22:40:50 Configure: Checking    :/home/andy/dev/cakes/cake/cake/tests/test_app/vendors/shells/tasks/mi.php
2009-02-25 22:40:50 Configure: Checking    :/home/andy/dev/cakes/cake/cake/tests/test_app/vendors/shells/templates/mi.php
2009-02-25 22:40:50 Configure: Checking    :/home/andy/dev/cakes/cake/cake/tests/groups/mi.php
2009-02-25 22:40:50 Configure: Checking    :/home/andy/dev/cakes/cake/cake/tests/lib/mi.php
2009-02-25 22:40:50 Configure: Checking    :/home/andy/dev/cakes/cake/cake/console/mi.php
2009-02-25 22:40:50 Configure: Checking    :/home/andy/dev/cakes/cake/cake/console/libs/mi.php
2009-02-25 22:40:50 Configure: Checking    :/home/andy/dev/cakes/cake/cake/console/libs/tasks/mi.php
2009-02-25 22:40:50 Configure: Checking    :/home/andy/dev/cakes/cake/cake/console/libs/templates/mi.php
2009-02-25 22:40:50 Configure: Checking    :/home/andy/dev/cakes/cake/cake/console/libs/templates/skel/mi.php
2009-02-25 22:40:50 Configure: Checking    :/home/andy/dev/cakes/cake/cake/console/libs/templates/skel/plugins/mi.php
2009-02-25 22:40:50 Configure: Checking    :/home/andy/dev/cakes/cake/cake/console/libs/templates/skel/config/mi.php
2009-02-25 22:40:50 Configure: Checking    :/home/andy/dev/cakes/cake/cake/console/libs/templates/skel/config/sql/mi.php
2009-02-25 22:40:50 Configure: Checking    :/home/andy/dev/cakes/cake/cake/console/libs/templates/skel/locale/mi.php
2009-02-25 22:40:50 Configure: Checking    :/home/andy/dev/cakes/cake/cake/console/libs/templates/skel/locale/eng/mi.php
2009-02-25 22:40:50 Configure: Checking    :/home/andy/dev/cakes/cake/cake/console/libs/templates/skel/locale/eng/LC_MESSAGES/mi.php
2009-02-25 22:40:50 Configure: Checking    :/home/andy/dev/cakes/cake/cake/console/libs/templates/skel/models/mi.php
2009-02-25 22:40:50 Configure: Checking    :/home/andy/dev/cakes/cake/cake/console/libs/templates/skel/models/behaviors/mi.php
2009-02-25 22:40:50 Configure: Checking    :/home/andy/dev/cakes/cake/cake/console/libs/templates/skel/models/datasources/mi.php
2009-02-25 22:40:50 Configure: Checking    :/home/andy/dev/cakes/cake/cake/console/libs/templates/skel/views/mi.php
2009-02-25 22:40:50 Configure: Checking    :/home/andy/dev/cakes/cake/cake/console/libs/templates/skel/views/helpers/mi.php
2009-02-25 22:40:50 Configure: Checking    :/home/andy/dev/cakes/cake/cake/console/libs/templates/skel/views/pages/mi.php
2009-02-25 22:40:50 Configure: Checking    :/home/andy/dev/cakes/cake/cake/console/libs/templates/skel/views/scaffolds/mi.php
2009-02-25 22:40:50 Configure: Checking    :/home/andy/dev/cakes/cake/cake/console/libs/templates/skel/views/elements/mi.php
2009-02-25 22:40:50 Configure: Checking    :/home/andy/dev/cakes/cake/cake/console/libs/templates/skel/views/elements/email/mi.php
2009-02-25 22:40:50 Configure: Checking    :/home/andy/dev/cakes/cake/cake/console/libs/templates/skel/views/elements/email/html/mi.php
2009-02-25 22:40:50 Configure: Checking    :/home/andy/dev/cakes/cake/cake/console/libs/templates/skel/views/elements/email/text/mi.php
2009-02-25 22:40:50 Configure: Checking    :/home/andy/dev/cakes/cake/cake/console/libs/templates/skel/views/errors/mi.php
2009-02-25 22:40:50 Configure: Checking    :/home/andy/dev/cakes/cake/cake/console/libs/templates/skel/views/layouts/mi.php
2009-02-25 22:40:50 Configure: Checking    :/home/andy/dev/cakes/cake/cake/console/libs/templates/skel/views/layouts/xml/mi.php
2009-02-25 22:40:50 Configure: Checking    :/home/andy/dev/cakes/cake/cake/console/libs/templates/skel/views/layouts/email/mi.php
2009-02-25 22:40:50 Configure: Checking    :/home/andy/dev/cakes/cake/cake/console/libs/templates/skel/views/layouts/email/html/mi.php
2009-02-25 22:40:50 Configure: Checking    :/home/andy/dev/cakes/cake/cake/console/libs/templates/skel/views/layouts/email/text/mi.php
2009-02-25 22:40:50 Configure: Checking    :/home/andy/dev/cakes/cake/cake/console/libs/templates/skel/views/layouts/rss/mi.php
2009-02-25 22:40:50 Configure: Checking    :/home/andy/dev/cakes/cake/cake/console/libs/templates/skel/views/layouts/js/mi.php
2009-02-25 22:40:50 Configure: Checking    :/home/andy/dev/cakes/cake/cake/console/libs/templates/skel/tests/mi.php
2009-02-25 22:40:50 Configure: Checking    :/home/andy/dev/cakes/cake/cake/console/libs/templates/skel/tests/cases/mi.php
2009-02-25 22:40:50 Configure: Checking    :/home/andy/dev/cakes/cake/cake/console/libs/templates/skel/tests/cases/helpers/mi.php
2009-02-25 22:40:50 Configure: Checking    :/home/andy/dev/cakes/cake/cake/console/libs/templates/skel/tests/cases/models/mi.php
2009-02-25 22:40:50 Configure: Checking    :/home/andy/dev/cakes/cake/cake/console/libs/templates/skel/tests/cases/controllers/mi.php
2009-02-25 22:40:50 Configure: Checking    :/home/andy/dev/cakes/cake/cake/console/libs/templates/skel/tests/cases/behaviors/mi.php
2009-02-25 22:40:50 Configure: Checking    :/home/andy/dev/cakes/cake/cake/console/libs/templates/skel/tests/cases/components/mi.php
2009-02-25 22:40:50 Configure: Checking    :/home/andy/dev/cakes/cake/cake/console/libs/templates/skel/tests/fixtures/mi.php
2009-02-25 22:40:50 Configure: Checking    :/home/andy/dev/cakes/cake/cake/console/libs/templates/skel/tests/groups/mi.php
2009-02-25 22:40:50 Configure: Checking    :/home/andy/dev/cakes/cake/cake/console/libs/templates/skel/controllers/mi.php
2009-02-25 22:40:50 Configure: Checking    :/home/andy/dev/cakes/cake/cake/console/libs/templates/skel/controllers/components/mi.php
2009-02-25 22:40:50 Configure: Checking    :/home/andy/dev/cakes/cake/cake/console/libs/templates/skel/tmp/mi.php
2009-02-25 22:40:50 Configure: Checking    :/home/andy/dev/cakes/cake/cake/console/libs/templates/skel/tmp/logs/mi.php
2009-02-25 22:40:50 Configure: Checking    :/home/andy/dev/cakes/cake/cake/console/libs/templates/skel/tmp/cache/mi.php
2009-02-25 22:40:50 Configure: Checking    :/home/andy/dev/cakes/cake/cake/console/libs/templates/skel/tmp/cache/persistent/mi.php
2009-02-25 22:40:50 Configure: Checking    :/home/andy/dev/cakes/cake/cake/console/libs/templates/skel/tmp/cache/models/mi.php
2009-02-25 22:40:50 Configure: Checking    :/home/andy/dev/cakes/cake/cake/console/libs/templates/skel/tmp/cache/views/mi.php
2009-02-25 22:40:50 Configure: Checking    :/home/andy/dev/cakes/cake/cake/console/libs/templates/skel/tmp/tests/mi.php
2009-02-25 22:40:50 Configure: Checking    :/home/andy/dev/cakes/cake/cake/console/libs/templates/skel/tmp/sessions/mi.php
2009-02-25 22:40:50 Configure: Checking    :/home/andy/dev/cakes/cake/cake/console/libs/templates/skel/webroot/mi.php
2009-02-25 22:40:50 Configure: Checking    :/home/andy/dev/cakes/cake/cake/console/libs/templates/skel/webroot/css/mi.php
2009-02-25 22:40:50 Configure: Checking    :/home/andy/dev/cakes/cake/cake/console/libs/templates/skel/webroot/img/mi.php
2009-02-25 22:40:50 Configure: Checking    :/home/andy/dev/cakes/cake/cake/console/libs/templates/skel/webroot/js/mi.php
2009-02-25 22:40:50 Configure: Checking    :/home/andy/dev/cakes/cake/cake/console/libs/templates/skel/vendors/mi.php
2009-02-25 22:40:50 Configure: Checking    :/home/andy/dev/cakes/cake/cake/console/libs/templates/skel/vendors/shells/mi.php
2009-02-25 22:40:50 Configure: Checking    :/home/andy/dev/cakes/cake/cake/console/libs/templates/skel/vendors/shells/tasks/mi.php
2009-02-25 22:40:50 Configure: Checking    :/home/andy/dev/cakes/cake/cake/console/libs/templates/skel/vendors/shells/templates/mi.php
2009-02-25 22:40:50 Configure: Checking    :/home/andy/dev/cakes/cake/cake/console/libs/templates/views/mi.php
2009-02-25 22:40:50 Configure: Checking    :/home/andy/dev/cakes/cake/cake/libs/mi.php
2009-02-25 22:40:50 Configure: Checking    :/home/andy/dev/cakes/cake/cake/libs/model/mi.php
2009-02-25 22:40:50 Configure: Checking    :/home/andy/dev/cakes/cake/cake/libs/model/behaviors/mi.php
2009-02-25 22:40:50 Configure: Checking    :/home/andy/dev/cakes/cake/cake/libs/model/datasources/mi.php
2009-02-25 22:40:50 Configure: Checking    :/home/andy/dev/cakes/cake/cake/libs/model/datasources/dbo/mi.php
2009-02-25 22:40:50 Configure: Checking    :/home/andy/dev/cakes/cake/cake/libs/view/mi.php
2009-02-25 22:40:50 Configure: Checking    :/home/andy/dev/cakes/cake/cake/libs/view/helpers/mi.php
2009-02-25 22:40:50 Configure: Checking    :/home/andy/dev/cakes/cake/cake/libs/view/pages/mi.php
2009-02-25 22:40:50 Configure: Checking    :/home/andy/dev/cakes/cake/cake/libs/view/scaffolds/mi.php
2009-02-25 22:40:50 Configure: Checking    :/home/andy/dev/cakes/cake/cake/libs/view/elements/mi.php
2009-02-25 22:40:50 Configure: Checking    :/home/andy/dev/cakes/cake/cake/libs/view/elements/email/mi.php
2009-02-25 22:40:50 Configure: Checking    :/home/andy/dev/cakes/cake/cake/libs/view/elements/email/html/mi.php
2009-02-25 22:40:50 Configure: Checking    :/home/andy/dev/cakes/cake/cake/libs/view/elements/email/text/mi.php
2009-02-25 22:40:50 Configure: Checking    :/home/andy/dev/cakes/cake/cake/libs/view/errors/mi.php
2009-02-25 22:40:50 Configure: Checking    :/home/andy/dev/cakes/cake/cake/libs/view/layouts/mi.php
2009-02-25 22:40:50 Configure: Checking    :/home/andy/dev/cakes/cake/cake/libs/view/layouts/xml/mi.php
2009-02-25 22:40:50 Configure: Checking    :/home/andy/dev/cakes/cake/cake/libs/view/layouts/email/mi.php
2009-02-25 22:40:50 Configure: Checking    :/home/andy/dev/cakes/cake/cake/libs/view/layouts/email/html/mi.php
2009-02-25 22:40:50 Configure: Checking    :/home/andy/dev/cakes/cake/cake/libs/view/layouts/email/text/mi.php
2009-02-25 22:40:50 Configure: Checking    :/home/andy/dev/cakes/cake/cake/libs/view/layouts/rss/mi.php
2009-02-25 22:40:50 Configure: Checking    :/home/andy/dev/cakes/cake/cake/libs/view/layouts/js/mi.php
2009-02-25 22:40:50 Configure: Checking    :/home/andy/dev/cakes/cake/cake/libs/controller/mi.php
2009-02-25 22:40:50 Configure: Checking    :/home/andy/dev/cakes/cake/cake/libs/controller/components/mi.php
2009-02-25 22:40:50 Configure: Checking    :/home/andy/dev/cakes/cake/cake/libs/cache/mi.php
2009-02-25 22:40:50 Configure: Checking    :/home/andy/dev/cakes/cake/vendors/mi.php
2009-02-25 22:40:50 Configure: Checking    :/home/andy/dev/cakes/cake/cake/console/libs/mi.php
2009-02-25 22:40:50 Configure: Checking    :/home/andy/dev/cakes/cake/cake/console/libs/tasks/mi.php
2009-02-25 22:40:50 Configure: Checking    :/home/andy/dev/cakes/cake/cake/console/libs/templates/mi.php
2009-02-25 22:40:50 Configure: Checking    :/home/andy/dev/cakes/cake/cake/console/libs/templates/skel/mi.php
2009-02-25 22:40:50 Configure: Checking    :/home/andy/dev/cakes/cake/cake/console/libs/templates/skel/plugins/mi.php
2009-02-25 22:40:50 Configure: Checking    :/home/andy/dev/cakes/cake/cake/console/libs/templates/skel/config/mi.php
2009-02-25 22:40:50 Configure: Checking    :/home/andy/dev/cakes/cake/cake/console/libs/templates/skel/config/sql/mi.php
2009-02-25 22:40:50 Configure: Checking    :/home/andy/dev/cakes/cake/cake/console/libs/templates/skel/locale/mi.php
2009-02-25 22:40:50 Configure: Checking    :/home/andy/dev/cakes/cake/cake/console/libs/templates/skel/locale/eng/mi.php
2009-02-25 22:40:50 Configure: Checking    :/home/andy/dev/cakes/cake/cake/console/libs/templates/skel/locale/eng/LC_MESSAGES/mi.php
2009-02-25 22:40:50 Configure: Checking    :/home/andy/dev/cakes/cake/cake/console/libs/templates/skel/models/mi.php
2009-02-25 22:40:50 Configure: Checking    :/home/andy/dev/cakes/cake/cake/console/libs/templates/skel/models/behaviors/mi.php
2009-02-25 22:40:50 Configure: Checking    :/home/andy/dev/cakes/cake/cake/console/libs/templates/skel/models/datasources/mi.php
2009-02-25 22:40:50 Configure: Checking    :/home/andy/dev/cakes/cake/cake/console/libs/templates/skel/views/mi.php
2009-02-25 22:40:50 Configure: Checking    :/home/andy/dev/cakes/cake/cake/console/libs/templates/skel/views/helpers/mi.php
2009-02-25 22:40:50 Configure: Checking    :/home/andy/dev/cakes/cake/cake/console/libs/templates/skel/views/pages/mi.php
2009-02-25 22:40:50 Configure: Checking    :/home/andy/dev/cakes/cake/cake/console/libs/templates/skel/views/scaffolds/mi.php
2009-02-25 22:40:50 Configure: Checking    :/home/andy/dev/cakes/cake/cake/console/libs/templates/skel/views/elements/mi.php
2009-02-25 22:40:50 Configure: Checking    :/home/andy/dev/cakes/cake/cake/console/libs/templates/skel/views/elements/email/mi.php
2009-02-25 22:40:50 Configure: Checking    :/home/andy/dev/cakes/cake/cake/console/libs/templates/skel/views/elements/email/html/mi.php
2009-02-25 22:40:50 Configure: Checking    :/home/andy/dev/cakes/cake/cake/console/libs/templates/skel/views/elements/email/text/mi.php
2009-02-25 22:40:50 Configure: Checking    :/home/andy/dev/cakes/cake/cake/console/libs/templates/skel/views/errors/mi.php
2009-02-25 22:40:50 Configure: Checking    :/home/andy/dev/cakes/cake/cake/console/libs/templates/skel/views/layouts/mi.php
2009-02-25 22:40:50 Configure: Checking    :/home/andy/dev/cakes/cake/cake/console/libs/templates/skel/views/layouts/xml/mi.php
2009-02-25 22:40:50 Configure: Checking    :/home/andy/dev/cakes/cake/cake/console/libs/templates/skel/views/layouts/email/mi.php
2009-02-25 22:40:50 Configure: Checking    :/home/andy/dev/cakes/cake/cake/console/libs/templates/skel/views/layouts/email/html/mi.php
2009-02-25 22:40:50 Configure: Checking    :/home/andy/dev/cakes/cake/cake/console/libs/templates/skel/views/layouts/email/text/mi.php
2009-02-25 22:40:50 Configure: Checking    :/home/andy/dev/cakes/cake/cake/console/libs/templates/skel/views/layouts/rss/mi.php
2009-02-25 22:40:50 Configure: Checking    :/home/andy/dev/cakes/cake/cake/console/libs/templates/skel/views/layouts/js/mi.php
2009-02-25 22:40:50 Configure: Checking    :/home/andy/dev/cakes/cake/cake/console/libs/templates/skel/tests/mi.php
2009-02-25 22:40:50 Configure: Checking    :/home/andy/dev/cakes/cake/cake/console/libs/templates/skel/tests/cases/mi.php
2009-02-25 22:40:50 Configure: Checking    :/home/andy/dev/cakes/cake/cake/console/libs/templates/skel/tests/cases/helpers/mi.php
2009-02-25 22:40:50 Configure: Checking    :/home/andy/dev/cakes/cake/cake/console/libs/templates/skel/tests/cases/models/mi.php
2009-02-25 22:40:50 Configure: Checking    :/home/andy/dev/cakes/cake/cake/console/libs/templates/skel/tests/cases/controllers/mi.php
2009-02-25 22:40:50 Configure: Checking    :/home/andy/dev/cakes/cake/cake/console/libs/templates/skel/tests/cases/behaviors/mi.php
2009-02-25 22:40:50 Configure: Checking    :/home/andy/dev/cakes/cake/cake/console/libs/templates/skel/tests/cases/components/mi.php
2009-02-25 22:40:50 Configure: Checking    :/home/andy/dev/cakes/cake/cake/console/libs/templates/skel/tests/fixtures/mi.php
2009-02-25 22:40:50 Configure: Checking    :/home/andy/dev/cakes/cake/cake/console/libs/templates/skel/tests/groups/mi.php
2009-02-25 22:40:50 Configure: Checking    :/home/andy/dev/cakes/cake/cake/console/libs/templates/skel/controllers/mi.php
2009-02-25 22:40:50 Configure: Checking    :/home/andy/dev/cakes/cake/cake/console/libs/templates/skel/controllers/components/mi.php
2009-02-25 22:40:50 Configure: Checking    :/home/andy/dev/cakes/cake/cake/console/libs/templates/skel/tmp/mi.php
2009-02-25 22:40:50 Configure: Checking    :/home/andy/dev/cakes/cake/cake/console/libs/templates/skel/tmp/logs/mi.php
2009-02-25 22:40:50 Configure: Checking    :/home/andy/dev/cakes/cake/cake/console/libs/templates/skel/tmp/cache/mi.php
2009-02-25 22:40:50 Configure: Checking    :/home/andy/dev/cakes/cake/cake/console/libs/templates/skel/tmp/cache/persistent/mi.php
2009-02-25 22:40:50 Configure: Checking    :/home/andy/dev/cakes/cake/cake/console/libs/templates/skel/tmp/cache/models/mi.php
2009-02-25 22:40:50 Configure: Checking    :/home/andy/dev/cakes/cake/cake/console/libs/templates/skel/tmp/cache/views/mi.php
2009-02-25 22:40:50 Configure: Checking    :/home/andy/dev/cakes/cake/cake/console/libs/templates/skel/tmp/tests/mi.php
2009-02-25 22:40:50 Configure: Checking    :/home/andy/dev/cakes/cake/cake/console/libs/templates/skel/tmp/sessions/mi.php
2009-02-25 22:40:50 Configure: Checking    :/home/andy/dev/cakes/cake/cake/console/libs/templates/skel/webroot/mi.php
2009-02-25 22:40:50 Configure: Checking    :/home/andy/dev/cakes/cake/cake/console/libs/templates/skel/webroot/css/mi.php
2009-02-25 22:40:50 Configure: Checking    :/home/andy/dev/cakes/cake/cake/console/libs/templates/skel/webroot/img/mi.php
2009-02-25 22:40:50 Configure: Checking    :/home/andy/dev/cakes/cake/cake/console/libs/templates/skel/webroot/js/mi.php
2009-02-25 22:40:50 Configure: Checking    :/home/andy/dev/cakes/cake/cake/console/libs/templates/skel/vendors/mi.php
2009-02-25 22:40:50 Configure: Checking    :/home/andy/dev/cakes/cake/cake/console/libs/templates/skel/vendors/shells/mi.php
2009-02-25 22:40:50 Configure: Checking    :/home/andy/dev/cakes/cake/cake/console/libs/templates/skel/vendors/shells/tasks/mi.php
2009-02-25 22:40:50 Configure: Checking    :/home/andy/dev/cakes/cake/cake/console/libs/templates/skel/vendors/shells/templates/mi.php
2009-02-25 22:40:50 Configure: Checking    :/home/andy/dev/cakes/cake/cake/console/libs/templates/views/mi.php
2009-02-25 22:40:50 Configure: Checking    :/home/andy/dev/cakes/cake/plugins/mi.php
2009-02-25 22:40:50 Configure: Checking    :/home/andy/dev/cakes/cake/plugins/cakemate/mi.php
2009-02-25 22:40:50 Configure: Checking    :/home/andy/dev/cakes/cake/plugins/cakemate/config/mi.php
2009-02-25 22:40:50 Configure: Checking    :/home/andy/dev/cakes/cake/plugins/cakemate/views/mi.php
2009-02-25 22:40:50 Configure: Checking    :/home/andy/dev/cakes/cake/plugins/cakemate/views/svn/mi.php
2009-02-25 22:40:50 Configure: Checking    :/home/andy/dev/cakes/cake/plugins/cakemate/views/cake/mi.php
2009-02-25 22:40:50 Configure: Checking    :/home/andy/dev/cakes/cake/plugins/cakemate/views/git/mi.php
2009-02-25 22:40:50 Configure: Checking    :/home/andy/dev/cakes/cake/plugins/cakemate/views/snippets/mi.php
2009-02-25 22:40:50 Configure: Checking    :/home/andy/dev/cakes/cake/plugins/cakemate/views/snippets/php/mi.php
2009-02-25 22:40:50 Configure: Checking    :/home/andy/dev/cakes/cake/plugins/cakemate/tmp/mi.php
2009-02-25 22:40:50 Configure: Checking    :/home/andy/dev/cakes/cake/plugins/cakemate/tmp/logs/mi.php
2009-02-25 22:40:50 Configure: Checking    :/home/andy/dev/cakes/cake/plugins/cakemate/vendors/mi.php
2009-02-25 22:40:50 Configure: FOUND       :/home/andy/dev/cakes/cake/plugins/cakemate/vendors/mi.php
2009-02-25 22:40:50 Configure: Looking for  :controller.php
2009-02-25 22:40:50 Configure: DIRECT CHECK :/home/andy/dev/cakes/cake/cake/libs/controller.php
2009-02-25 22:40:50 Configure: DIRECT CHECK :/home/andy/dev/cakes/cake/cake/libs/model/controller.php
2009-02-25 22:40:50 Configure: DIRECT CHECK :/home/andy/dev/cakes/cake/cake/libs/model/behaviors/controller.php
2009-02-25 22:40:50 Configure: DIRECT CHECK :/home/andy/dev/cakes/cake/cake/libs/controller/controller.php
2009-02-25 22:40:50 Configure: Looking for  :component.php
2009-02-25 22:40:50 Configure: DIRECT CHECK :/home/andy/dev/cakes/cake/cake/libs/component.php
2009-02-25 22:40:50 Configure: DIRECT CHECK :/home/andy/dev/cakes/cake/cake/libs/model/component.php
2009-02-25 22:40:50 Configure: DIRECT CHECK :/home/andy/dev/cakes/cake/cake/libs/model/behaviors/component.php
2009-02-25 22:40:50 Configure: DIRECT CHECK :/home/andy/dev/cakes/cake/cake/libs/controller/component.php
2009-02-25 22:40:50 Configure: DIRECT FIND  :/home/andy/dev/cakes/cake/cake/libs/controller/component.php
2009-02-25 22:40:50 Configure: Looking for  :view.php
2009-02-25 22:40:50 Configure: DIRECT CHECK :/home/andy/dev/cakes/cake/cake/libs/view.php
2009-02-25 22:40:50 Configure: DIRECT CHECK :/home/andy/dev/cakes/cake/cake/libs/model/view.php
2009-02-25 22:40:50 Configure: DIRECT CHECK :/home/andy/dev/cakes/cake/cake/libs/model/behaviors/view.php
2009-02-25 22:40:50 Configure: DIRECT CHECK :/home/andy/dev/cakes/cake/cake/libs/controller/view.php
2009-02-25 22:40:50 Configure: DIRECT CHECK :/home/andy/dev/cakes/cake/cake/libs/controller/components/view.php
2009-02-25 22:40:50 Configure: DIRECT CHECK :/home/andy/dev/cakes/cake/cake/libs/view/view.php
2009-02-25 22:40:50 Configure: Looking for  :helper.php
2009-02-25 22:40:50 Configure: DIRECT CHECK :/home/andy/dev/cakes/cake/cake/libs/helper.php
2009-02-25 22:40:50 Configure: DIRECT CHECK :/home/andy/dev/cakes/cake/cake/libs/model/helper.php
2009-02-25 22:40:50 Configure: DIRECT CHECK :/home/andy/dev/cakes/cake/cake/libs/model/behaviors/helper.php
2009-02-25 22:40:50 Configure: DIRECT CHECK :/home/andy/dev/cakes/cake/cake/libs/controller/helper.php
2009-02-25 22:40:50 Configure: DIRECT CHECK :/home/andy/dev/cakes/cake/cake/libs/controller/components/helper.php
2009-02-25 22:40:50 Configure: DIRECT CHECK :/home/andy/dev/cakes/cake/cake/libs/view/helper.php
2009-02-25 22:40:50 Configure: Looking for  :overloadable.php
2009-02-25 22:40:50 Configure: DIRECT CHECK :/home/andy/dev/cakes/cake/cake/libs/overloadable.php
2009-02-25 22:40:50 Configure: DIRECT FIND  :/home/andy/dev/cakes/cake/cake/libs/overloadable.php
2009-02-25 22:40:50 Configure: DIRECT FIND  :/home/andy/dev/cakes/cake/cake/libs/view/helper.php
2009-02-25 22:40:50 Configure: DIRECT FIND  :/home/andy/dev/cakes/cake/cake/libs/view/view.php
2009-02-25 22:40:50 Configure: DIRECT FIND  :/home/andy/dev/cakes/cake/cake/libs/controller/controller.php
